{"level":"info","message":"Starting assets export"}
{"level":"info","message":"Downloaded Nike_gear_(2)_copy.jpeg: blt96cb3ee442ff1251 successfully!"}
{"level":"info","message":"Downloaded redirect.html: blt5b0b180612500206 successfully!"}
{"level":"info","message":"Downloaded Nike_gear_(2).jpg: bltae2bed5f017d333d successfully!"}
{"level":"info","message":"Skipping download of { title: redirect.html, uid: blt5b0b180612500206 }, as they already exist"}
{"level":"info","message":"Downloaded redirect.html: blta845e61163137fd3 successfully!"}
{"level":"info","message":"Skipping download of { title: redirect.html, uid: blta845e61163137fd3 }, as they already exist"}
{"level":"info","message":"Downloaded OneDrive_2022-08-01.zip: blt0444d2207c74e4f0 successfully!"}
{"level":"info","message":"Downloaded power_through.jpg: bltabbc7e8d6ee5c8d9 successfully!"}
{"level":"info","message":"Skipping download of { title: redirect.html, uid: blta845e61163137fd3 }, as they already exist"}
{"level":"info","message":"Downloaded running_gear.jpg: blt331e9b9e9f62f027 successfully!"}
{"level":"info","message":"Skipping download of { title: redirect.html, uid: blta845e61163137fd3 }, as they already exist"}
{"level":"info","message":"Downloaded hero_banner_D.jpeg: blt2417916a9e4a71d9 successfully!"}
{"level":"info","message":"Downloaded get_your_golf_on.jpg: blt3f72f8418dfce700 successfully!"}
{"level":"info","message":"Skipping download of { title: redirect.html, uid: blta845e61163137fd3 }, as they already exist"}
{"level":"info","message":"Skipping download of { title: redirect.html, uid: blta845e61163137fd3 }, as they already exist"}
{"level":"info","message":"Skipping download of { title: redirect.html, uid: blta845e61163137fd3 }, as they already exist"}
{"level":"info","message":"Skipping download of { title: redirect.html, uid: blta845e61163137fd3 }, as they already exist"}
{"level":"info","message":"Downloaded plenty_to_play_with.jpg: blt6df3991e351fabce successfully!"}
{"level":"info","message":"Downloaded hero_banner.jpg: blt0dd763e48e16249d successfully!"}
{"level":"info","message":"Downloaded summer_look.jpg: blt51bf6f62689c111c successfully!"}
{"level":"info","message":"Skipping download of { title: redirect.html, uid: blta845e61163137fd3 }, as they already exist"}
{"level":"info","message":"Downloaded Nike_gear.jpg: blt970617ab432ca021 successfully!"}
{"level":"info","message":"Skipping download of { title: redirect.html, uid: blta845e61163137fd3 }, as they already exist"}
{"level":"info","message":"Skipping download of { title: redirect.html, uid: blta845e61163137fd3 }, as they already exist"}
{"level":"info","message":"Skipping download of { title: redirect.html, uid: blta845e61163137fd3 }, as they already exist"}
{"level":"info","message":"Skipping download of { title: redirect.html, uid: blta845e61163137fd3 }, as they already exist"}
{"level":"info","message":"Skipping download of { title: redirect.html, uid: blta845e61163137fd3 }, as they already exist"}
{"level":"info","message":"Skipping download of { title: redirect.html, uid: blta845e61163137fd3 }, as they already exist"}
{"level":"info","message":"Skipping download of { title: redirect.html, uid: blta845e61163137fd3 }, as they already exist"}
{"level":"info","message":"Skipping download of { title: redirect.html, uid: blta845e61163137fd3 }, as they already exist"}
{"level":"info","message":"Skipping download of { title: redirect.html, uid: blta845e61163137fd3 }, as they already exist"}
{"level":"info","message":"Skipping download of { title: redirect.html, uid: blta845e61163137fd3 }, as they already exist"}
{"level":"info","message":"Skipping download of { title: redirect.html, uid: blta845e61163137fd3 }, as they already exist"}
{"level":"info","message":"Skipping download of { title: redirect.html, uid: blta845e61163137fd3 }, as they already exist"}
{"level":"info","message":"Skipping download of { title: redirect.html, uid: blta845e61163137fd3 }, as they already exist"}
{"level":"info","message":"Skipping download of { title: redirect.html, uid: blta845e61163137fd3 }, as they already exist"}
{"level":"info","message":"Skipping download of { title: redirect.html, uid: blta845e61163137fd3 }, as they already exist"}
{"level":"info","message":"Skipping download of { title: redirect.html, uid: blta845e61163137fd3 }, as they already exist"}
{"level":"info","message":"Skipping download of { title: redirect.html, uid: blta845e61163137fd3 }, as they already exist"}
{"level":"info","message":"Skipping download of { title: redirect.html, uid: blta845e61163137fd3 }, as they already exist"}
{"level":"info","message":"Skipping download of { title: redirect.html, uid: blta845e61163137fd3 }, as they already exist"}
{"level":"info","message":"Skipping download of { title: redirect.html, uid: blta845e61163137fd3 }, as they already exist"}
{"level":"info","message":"Skipping download of { title: redirect.html, uid: blta845e61163137fd3 }, as they already exist"}
{"level":"info","message":"Skipping download of { title: redirect.html, uid: blta845e61163137fd3 }, as they already exist"}
{"level":"info","message":"Skipping download of { title: redirect.html, uid: blta845e61163137fd3 }, as they already exist"}
{"level":"info","message":"Skipping download of { title: redirect.html, uid: blta845e61163137fd3 }, as they already exist"}
{"level":"info","message":"Skipping download of { title: redirect.html, uid: blta845e61163137fd3 }, as they already exist"}
{"level":"info","message":"Skipping download of { title: redirect.html, uid: blta845e61163137fd3 }, as they already exist"}
{"level":"info","message":"Skipping download of { title: redirect.html, uid: blta845e61163137fd3 }, as they already exist"}
{"level":"info","message":"Skipping download of { title: redirect.html, uid: blta845e61163137fd3 }, as they already exist"}
{"level":"info","message":"Skipping download of { title: redirect.html, uid: blta845e61163137fd3 }, as they already exist"}
{"level":"info","message":"Skipping download of { title: redirect.html, uid: blta845e61163137fd3 }, as they already exist"}
{"level":"info","message":"Skipping download of { title: redirect.html, uid: blta845e61163137fd3 }, as they already exist"}
{"level":"info","message":"Skipping download of { title: redirect.html, uid: blta845e61163137fd3 }, as they already exist"}
{"level":"info","message":"Skipping download of { title: redirect.html, uid: blta845e61163137fd3 }, as they already exist"}
{"level":"info","message":"Skipping download of { title: redirect.html, uid: blta845e61163137fd3 }, as they already exist"}
{"level":"info","message":"Skipping download of { title: redirect.html, uid: blta845e61163137fd3 }, as they already exist"}
{"level":"info","message":"Skipping download of { title: redirect.html, uid: blta845e61163137fd3 }, as they already exist"}
{"level":"info","message":"Skipping download of { title: redirect.html, uid: blta845e61163137fd3 }, as they already exist"}
{"level":"info","message":"Skipping download of { title: redirect.html, uid: blta845e61163137fd3 }, as they already exist"}
{"level":"info","message":"Skipping download of { title: redirect.html, uid: blta845e61163137fd3 }, as they already exist"}
{"level":"info","message":"Skipping download of { title: redirect.html, uid: blta845e61163137fd3 }, as they already exist"}
{"level":"info","message":"Skipping download of { title: redirect.html, uid: blta845e61163137fd3 }, as they already exist"}
{"level":"info","message":"Skipping download of { title: redirect.html, uid: blta845e61163137fd3 }, as they already exist"}
{"level":"info","message":"Skipping download of { title: redirect.html, uid: blta845e61163137fd3 }, as they already exist"}
{"level":"info","message":"Skipping download of { title: redirect.html, uid: blta845e61163137fd3 }, as they already exist"}
{"level":"info","message":"Skipping download of { title: redirect.html, uid: blta845e61163137fd3 }, as they already exist"}
{"level":"info","message":"Skipping download of { title: redirect.html, uid: blta845e61163137fd3 }, as they already exist"}
{"level":"info","message":"Skipping download of { title: redirect.html, uid: blta845e61163137fd3 }, as they already exist"}
{"level":"info","message":"Skipping download of { title: redirect.html, uid: blta845e61163137fd3 }, as they already exist"}
{"level":"info","message":"Skipping download of { title: redirect.html, uid: blta845e61163137fd3 }, as they already exist"}
{"level":"info","message":"Skipping download of { title: redirect.html, uid: blta845e61163137fd3 }, as they already exist"}
{"level":"info","message":"Skipping download of { title: redirect.html, uid: blta845e61163137fd3 }, as they already exist"}
{"level":"info","message":"Skipping download of { title: redirect.html, uid: blta845e61163137fd3 }, as they already exist"}
{"level":"info","message":"Skipping download of { title: redirect.html, uid: blta845e61163137fd3 }, as they already exist"}
{"level":"info","message":"Skipping download of { title: redirect.html, uid: blta845e61163137fd3 }, as they already exist"}
{"level":"info","message":"Skipping download of { title: redirect.html, uid: blta845e61163137fd3 }, as they already exist"}
{"level":"info","message":"Skipping download of { title: redirect.html, uid: blta845e61163137fd3 }, as they already exist"}
{"level":"info","message":"Skipping download of { title: redirect.html, uid: blta845e61163137fd3 }, as they already exist"}
{"level":"info","message":"Skipping download of { title: redirect.html, uid: blta845e61163137fd3 }, as they already exist"}
{"level":"info","message":"Skipping download of { title: redirect.html, uid: blta845e61163137fd3 }, as they already exist"}
{"level":"info","message":"Skipping download of { title: redirect.html, uid: blta845e61163137fd3 }, as they already exist"}
{"level":"info","message":"Skipping download of { title: redirect.html, uid: blta845e61163137fd3 }, as they already exist"}
{"level":"info","message":"Skipping download of { title: redirect.html, uid: blta845e61163137fd3 }, as they already exist"}
{"level":"info","message":"Skipping download of { title: redirect.html, uid: blta845e61163137fd3 }, as they already exist"}
{"level":"info","message":"Skipping download of { title: redirect.html, uid: blta845e61163137fd3 }, as they already exist"}
{"level":"info","message":"Skipping download of { title: redirect.html, uid: blta845e61163137fd3 }, as they already exist"}
{"level":"info","message":"Skipping download of { title: redirect.html, uid: blta845e61163137fd3 }, as they already exist"}
{"level":"info","message":"Skipping download of { title: redirect.html, uid: blta845e61163137fd3 }, as they already exist"}
{"level":"info","message":"Skipping download of { title: redirect.html, uid: blta845e61163137fd3 }, as they already exist"}
{"level":"info","message":"Skipping download of { title: redirect.html, uid: blta845e61163137fd3 }, as they already exist"}
{"level":"info","message":"Skipping download of { title: redirect.html, uid: blta845e61163137fd3 }, as they already exist"}
{"level":"info","message":"Skipping download of { title: redirect.html, uid: blta845e61163137fd3 }, as they already exist"}
{"level":"info","message":"Skipping download of { title: redirect.html, uid: blta845e61163137fd3 }, as they already exist"}
{"level":"info","message":"Skipping download of { title: redirect.html, uid: blta845e61163137fd3 }, as they already exist"}
{"level":"info","message":"Skipping download of { title: redirect.html, uid: blta845e61163137fd3 }, as they already exist"}
{"level":"info","message":"Skipping download of { title: redirect.html, uid: blta845e61163137fd3 }, as they already exist"}
{"level":"info","message":"Skipping download of { title: redirect.html, uid: blta845e61163137fd3 }, as they already exist"}
{"level":"info","message":"Skipping download of { title: redirect.html, uid: blta845e61163137fd3 }, as they already exist"}
{"level":"info","message":"Skipping download of { title: redirect.html, uid: blta845e61163137fd3 }, as they already exist"}
{"level":"info","message":"Skipping download of { title: redirect.html, uid: blta845e61163137fd3 }, as they already exist"}
{"level":"info","message":"Skipping download of { title: redirect.html, uid: blta845e61163137fd3 }, as they already exist"}
{"level":"info","message":"Skipping download of { title: redirect.html, uid: blta845e61163137fd3 }, as they already exist"}
{"level":"info","message":"Skipping download of { title: redirect.html, uid: blta845e61163137fd3 }, as they already exist"}
{"level":"info","message":"Skipping download of { title: redirect.html, uid: blta845e61163137fd3 }, as they already exist"}
{"level":"info","message":"Skipping download of { title: redirect.html, uid: blta845e61163137fd3 }, as they already exist"}
{"level":"info","message":"Skipping download of { title: redirect.html, uid: blta845e61163137fd3 }, as they already exist"}
{"level":"info","message":"Skipping download of { title: redirect.html, uid: blta845e61163137fd3 }, as they already exist"}
{"level":"info","message":"Skipping download of { title: redirect.html, uid: blta845e61163137fd3 }, as they already exist"}
{"level":"info","message":"Skipping download of { title: redirect.html, uid: blta845e61163137fd3 }, as they already exist"}
{"level":"info","message":"Skipping download of { title: redirect.html, uid: blta845e61163137fd3 }, as they already exist"}
{"level":"info","message":"Skipping download of { title: redirect.html, uid: blta845e61163137fd3 }, as they already exist"}
{"level":"info","message":"Skipping download of { title: redirect.html, uid: blta845e61163137fd3 }, as they already exist"}
{"level":"info","message":"Skipping download of { title: redirect.html, uid: blta845e61163137fd3 }, as they already exist"}
{"level":"info","message":"Skipping download of { title: redirect.html, uid: blta845e61163137fd3 }, as they already exist"}
{"level":"info","message":"Skipping download of { title: redirect.html, uid: blta845e61163137fd3 }, as they already exist"}
{"level":"info","message":"Skipping download of { title: redirect.html, uid: blta845e61163137fd3 }, as they already exist"}
{"level":"info","message":"Skipping download of { title: redirect.html, uid: blta845e61163137fd3 }, as they already exist"}
{"level":"info","message":"Skipping download of { title: redirect.html, uid: blta845e61163137fd3 }, as they already exist"}
{"level":"info","message":"Skipping download of { title: redirect.html, uid: blta845e61163137fd3 }, as they already exist"}
{"level":"info","message":"Skipping download of { title: redirect.html, uid: blta845e61163137fd3 }, as they already exist"}
{"level":"info","message":"Skipping download of { title: redirect.html, uid: blta845e61163137fd3 }, as they already exist"}
{"level":"info","message":"Skipping download of { title: redirect.html, uid: blta845e61163137fd3 }, as they already exist"}
{"level":"info","message":"Skipping download of { title: redirect.html, uid: blta845e61163137fd3 }, as they already exist"}
{"level":"info","message":"Skipping download of { title: redirect.html, uid: blta845e61163137fd3 }, as they already exist"}
{"level":"info","message":"Skipping download of { title: redirect.html, uid: blta845e61163137fd3 }, as they already exist"}
{"level":"info","message":"Skipping download of { title: redirect.html, uid: blta845e61163137fd3 }, as they already exist"}
{"level":"info","message":"Skipping download of { title: redirect.html, uid: blta845e61163137fd3 }, as they already exist"}
{"level":"info","message":"Skipping download of { title: redirect.html, uid: blta845e61163137fd3 }, as they already exist"}
{"level":"info","message":"Skipping download of { title: redirect.html, uid: blta845e61163137fd3 }, as they already exist"}
{"level":"info","message":"Skipping download of { title: redirect.html, uid: blta845e61163137fd3 }, as they already exist"}
{"level":"info","message":"Skipping download of { title: redirect.html, uid: blta845e61163137fd3 }, as they already exist"}
{"level":"info","message":"Skipping download of { title: redirect.html, uid: blta845e61163137fd3 }, as they already exist"}
{"level":"info","message":"Skipping download of { title: redirect.html, uid: blta845e61163137fd3 }, as they already exist"}
{"level":"info","message":"Skipping download of { title: redirect.html, uid: blta845e61163137fd3 }, as they already exist"}
{"level":"info","message":"Skipping download of { title: redirect.html, uid: blta845e61163137fd3 }, as they already exist"}
{"level":"info","message":"Skipping download of { title: redirect.html, uid: blta845e61163137fd3 }, as they already exist"}
{"level":"info","message":"Skipping download of { title: redirect.html, uid: blta845e61163137fd3 }, as they already exist"}
{"level":"info","message":"Skipping download of { title: redirect.html, uid: blta845e61163137fd3 }, as they already exist"}
{"level":"info","message":"Skipping download of { title: redirect.html, uid: blta845e61163137fd3 }, as they already exist"}
{"level":"info","message":"Skipping download of { title: redirect.html, uid: blta845e61163137fd3 }, as they already exist"}
{"level":"info","message":"Skipping download of { title: redirect.html, uid: blta845e61163137fd3 }, as they already exist"}
{"level":"info","message":"Skipping download of { title: redirect.html, uid: blta845e61163137fd3 }, as they already exist"}
{"level":"info","message":"Skipping download of { title: redirect.html, uid: blta845e61163137fd3 }, as they already exist"}
{"level":"info","message":"Batch no 1 of assets is complete"}
{"level":"info","message":"Asset-folders have been successfully exported!"}
{"level":"info","message":"Asset export completed successfully"}
{"level":"info","message":"Starting locale export"}
{"level":"info","message":"No languages found except the master language"}
{"level":"info","message":"Starting environment export"}
{"level":"info","message":"All the environments have been exported successfully"}
{"level":"info","message":"Starting extension export"}
{"level":"info","message":"All the extensions have been exported successfully"}
{"level":"info","message":"Starting webhooks export"}
{"level":"info","message":"No webhooks found"}
{"level":"info","message":"Starting Global Fields export"}
{"level":"info","message":"Global Fields export completed successfully"}
{"level":"info","message":"Starting content type export"}
{"level":"info","message":"Content type(s) exported successfully"}
{"level":"info","message":"Starting workflow export"}
{"level":"info","message":"No workflow were found in the Stack"}
{"level":"info","message":"Starting entry migration"}
{"level":"info","message":"Exported entries of kibocommerce to the en-us language successfully"}
{"level":"info","message":"Exported entries of home_page_products to the en-us language successfully"}
{"level":"info","message":"Exported entries of page to the en-us language successfully"}
{"level":"info","message":"Exported entries of home_page to the en-us language successfully"}
{"level":"info","message":"Exported entries of demo_products to the en-us language successfully"}
{"level":"info","message":"Exported entries of home_page_test to the en-us language successfully"}
{"level":"info","message":"Exported entries of product_detail to the en-us language successfully"}
{"level":"info","message":"Exported entries of product_detail_page to the en-us language successfully"}
{"level":"info","message":"Exported entries of kibo_single_product to the en-us language successfully"}
{"level":"info","message":"Exported entries of product to the en-us language successfully"}
{"level":"info","message":"Exported entries of kibo_commerce_recommendation to the en-us language successfully"}
{"level":"info","message":"Exported entries of kibo_commerce_product to the en-us language successfully"}
{"level":"info","message":"Exported entries of hero_carousel_item to the en-us language successfully"}
{"level":"info","message":"Exported entries of promo_block to the en-us language successfully"}
{"level":"info","message":"Exported entries of test to the en-us language successfully"}
{"level":"info","message":"Exported entries of KIboStack to the en-us language successfully"}
{"level":"info","message":"Exported entries of KiboProj to the en-us language successfully"}
{"level":"info","message":"Exported entries of KiboLive to the en-us language successfully"}
{"level":"info","message":"Exported entries of Kibo1 to the en-us language successfully"}
{"level":"info","message":"Exported entries of NOP to the en-us language successfully"}
{"level":"info","message":"Entry migration completed successfully"}
{"level":"info","message":"Starting labels export"}
{"level":"info","message":"No labels found"}
{"level":"info","message":"The content of the bltee41ac4678a1dae3 has been exported successfully!"}
{"level":"info","message":"The log for this is stored at scripts/contentstack/stack/logs/export"}
