{"level":"info","message":"Migrating languages"}
{"level":"info","message":"No Languages Found"}
{"level":"info","message":"Migrating environment"}
{"level":"info","message":"The environment: 'dev' already exists. Skipping it to avoid duplicates!"}
{"level":"info","message":"Environments have been imported successfully!"}
{"level":"info","message":"Migrating assets"}
{"level":"info","message":"No Assets Found"}
{"level":"info","message":"Migrating extensions"}
{"level":"info","message":"No Extensions Found"}
{"level":"info","message":"Migrating global-fields"}
{"level":"info","message":"No globalfields Found"}
{"level":"info","message":"Migrating contenttypes"}
{"level":"info","message":"Content types have been imported successfully!"}
{"level":"info","message":"Migrating workflows"}
{"level":"info","message":"No workflow Found"}
{"level":"info","message":"Migrating entries"}
{"level":"info","message":"Suppressing content type fields..."}
{"level":"info","message":"Creating entries for content type product in language en-us ..."}
{"level":"info","message":"Entries created successfully in 'en-us' language"}
{"level":"info","message":"No entries without mapped uid found!"}
{"level":"info","message":"Imported entries in 'en-us' language successfully!"}
{"level":"info","message":"Successfully imported 'en-us' entries!"}
{"level":"info","message":"Re-modified content type schemas to their original form!"}
{"level":"info","message":"The stack has been eradicated from bugged entries!"}
{"level":"info","message":"Entries have been imported successfully!"}
{"level":"info","message":"All the entries have been published successfully"}
{"level":"info","message":"Migrating labels"}
{"level":"info","message":"No Label Found"}
{"level":"info","message":"Migrating webhooks"}
{"level":"info","message":"No Webhooks Found"}
{"level":"info","message":"Stack: blt31c87c8549983f7c has been imported succesfully!"}
{"level":"info","message":"The log for this is stored at scripts/contentstack/content/content_types/main/logs/import"}
{"level":"info","message":"Migrating languages"}
{"level":"info","message":"No Languages Found"}
{"level":"info","message":"Migrating environment"}
{"level":"info","message":"The environment: 'dev' already exists. Skipping it to avoid duplicates!"}
{"level":"info","message":"Environments have been imported successfully!"}
{"level":"info","message":"Migrating assets"}
{"level":"info","message":"No Assets Found"}
{"level":"info","message":"Migrating extensions"}
{"level":"info","message":"No Extensions Found"}
{"level":"info","message":"Migrating global-fields"}
{"level":"info","message":"No globalfields Found"}
{"level":"info","message":"Migrating contenttypes"}
{"level":"info","message":"Content types have been imported successfully!"}
{"level":"info","message":"Migrating workflows"}
{"level":"info","message":"No workflow Found"}
{"level":"info","message":"Migrating entries"}
{"level":"info","message":"Suppressing content type fields..."}
{"level":"info","message":"Creating entries for content type product in language en-us ..."}
{"level":"info","message":"1 entries created successfully in product content type in en-us locale!"}
{"level":"info","message":"Entries created successfully in 'en-us' language"}
{"level":"info","message":"No entries without mapped uid found!"}
{"level":"info","message":"Imported entries in 'en-us' language successfully!"}
{"level":"info","message":"Successfully imported 'en-us' entries!"}
{"level":"info","message":"Re-modified content type schemas to their original form!"}
{"level":"info","message":"The stack has been eradicated from bugged entries!"}
{"level":"info","message":"Entries have been imported successfully!"}
{"level":"info","message":"All the entries have been published successfully"}
{"level":"info","message":"Migrating labels"}
{"level":"info","message":"No Label Found"}
{"level":"info","message":"Migrating webhooks"}
{"level":"info","message":"No Webhooks Found"}
{"level":"info","message":"Stack: blt31c87c8549983f7c has been imported succesfully!"}
{"level":"info","message":"The log for this is stored at scripts/contentstack/content/content_types/main/logs/import"}
{"level":"info","message":"Migrating languages"}
{"level":"info","message":"No Languages Found"}
{"level":"info","message":"Migrating environment"}
{"level":"info","message":"The environment: 'dev' already exists. Skipping it to avoid duplicates!"}
{"level":"info","message":"Environments have been imported successfully!"}
{"level":"info","message":"Migrating assets"}
{"level":"info","message":"No Assets Found"}
{"level":"info","message":"Migrating extensions"}
{"level":"info","message":"No Extensions Found"}
{"level":"info","message":"Migrating global-fields"}
{"level":"info","message":"No globalfields Found"}
{"level":"info","message":"Migrating contenttypes"}
{"level":"info","message":"Content types have been imported successfully!"}
{"level":"info","message":"Migrating workflows"}
{"level":"info","message":"No workflow Found"}
{"level":"info","message":"Migrating entries"}
{"level":"info","message":"Suppressing content type fields..."}
{"level":"info","message":"Creating entries for content type product in language en-us ..."}
{"level":"info","message":"1 entries created successfully in product content type in en-us locale!"}
{"level":"info","message":"Entries created successfully in 'en-us' language"}
{"level":"info","message":"No entries without mapped uid found!"}
{"level":"info","message":"Imported entries in 'en-us' language successfully!"}
{"level":"info","message":"Successfully imported 'en-us' entries!"}
{"level":"info","message":"Re-modified content type schemas to their original form!"}
{"level":"info","message":"The stack has been eradicated from bugged entries!"}
{"level":"info","message":"Entries have been imported successfully!"}
{"level":"info","message":"All the entries have been published successfully"}
{"level":"info","message":"Migrating labels"}
{"level":"info","message":"No Label Found"}
{"level":"info","message":"Migrating webhooks"}
{"level":"info","message":"No Webhooks Found"}
{"level":"info","message":"Stack: blt31c87c8549983f7c has been imported succesfully!"}
{"level":"info","message":"The log for this is stored at scripts/contentstack/content/content_types/main/logs/import"}
{"level":"info","message":"Migrating languages"}
{"level":"info","message":"No Languages Found"}
{"level":"info","message":"Migrating environment"}
{"level":"info","message":"The environment: 'dev' already exists. Skipping it to avoid duplicates!"}
{"level":"info","message":"Environments have been imported successfully!"}
{"level":"info","message":"Migrating assets"}
{"level":"info","message":"No Assets Found"}
{"level":"info","message":"Migrating extensions"}
{"level":"info","message":"No Extensions Found"}
{"level":"info","message":"Migrating global-fields"}
{"level":"info","message":"No globalfields Found"}
{"level":"info","message":"Migrating contenttypes"}
{"level":"info","message":"Content types have been imported successfully!"}
{"level":"info","message":"Migrating workflows"}
{"level":"info","message":"No workflow Found"}
{"level":"info","message":"Migrating entries"}
{"level":"info","message":"Suppressing content type fields..."}
{"level":"info","message":"Creating entries for content type product in language en-us ..."}
{"level":"info","message":"1 entries created successfully in product content type in en-us locale!"}
{"level":"info","message":"Entries created successfully in 'en-us' language"}
{"level":"info","message":"No entries without mapped uid found!"}
{"level":"info","message":"Imported entries in 'en-us' language successfully!"}
{"level":"info","message":"Successfully imported 'en-us' entries!"}
{"level":"info","message":"Re-modified content type schemas to their original form!"}
{"level":"info","message":"The stack has been eradicated from bugged entries!"}
{"level":"info","message":"Entries have been imported successfully!"}
{"level":"info","message":"All the entries have been published successfully"}
{"level":"info","message":"Migrating labels"}
{"level":"info","message":"No Label Found"}
{"level":"info","message":"Migrating webhooks"}
{"level":"info","message":"No Webhooks Found"}
{"level":"info","message":"Stack: blt31c87c8549983f7c has been imported succesfully!"}
{"level":"info","message":"The log for this is stored at scripts/contentstack/content/content_types/main/logs/import"}
{"level":"info","message":"Migrating languages"}
{"level":"info","message":"No Languages Found"}
{"level":"info","message":"Migrating environment"}
{"level":"info","message":"The environment: 'dev' already exists. Skipping it to avoid duplicates!"}
{"level":"info","message":"Environments have been imported successfully!"}
{"level":"info","message":"Migrating assets"}
{"level":"info","message":"No Assets Found"}
{"level":"info","message":"Migrating extensions"}
{"level":"info","message":"No Extensions Found"}
{"level":"info","message":"Migrating global-fields"}
{"level":"info","message":"No globalfields Found"}
{"level":"info","message":"Migrating contenttypes"}
{"level":"info","message":"Content types have been imported successfully!"}
{"level":"info","message":"Migrating workflows"}
{"level":"info","message":"No workflow Found"}
{"level":"info","message":"Migrating entries"}
{"level":"info","message":"Suppressing content type fields..."}
{"level":"info","message":"Creating entries for content type product in language en-us ..."}
{"level":"info","message":"Entries created successfully in 'en-us' language"}
{"level":"info","message":"No entries without mapped uid found!"}
{"level":"info","message":"Imported entries in 'en-us' language successfully!"}
{"level":"info","message":"Successfully imported 'en-us' entries!"}
{"level":"info","message":"Re-modified content type schemas to their original form!"}
{"level":"info","message":"The stack has been eradicated from bugged entries!"}
{"level":"info","message":"Entries have been imported successfully!"}
{"level":"info","message":"All the entries have been published successfully"}
{"level":"info","message":"Migrating labels"}
{"level":"info","message":"No Label Found"}
{"level":"info","message":"Migrating webhooks"}
{"level":"info","message":"No Webhooks Found"}
{"level":"info","message":"Stack: blt31c87c8549983f7c has been imported succesfully!"}
{"level":"info","message":"The log for this is stored at scripts/contentstack/content/content_types/main/logs/import"}
{"level":"info","message":"Migrating languages"}
{"level":"info","message":"No Languages Found"}
{"level":"info","message":"Migrating environment"}
{"level":"info","message":"The environment: 'dev' already exists. Skipping it to avoid duplicates!"}
{"level":"info","message":"Environments have been imported successfully!"}
{"level":"info","message":"Migrating assets"}
{"level":"info","message":"No Assets Found"}
{"level":"info","message":"Migrating extensions"}
{"level":"info","message":"No Extensions Found"}
{"level":"info","message":"Migrating global-fields"}
{"level":"info","message":"No globalfields Found"}
{"level":"info","message":"Migrating contenttypes"}
{"level":"info","message":"Content types have been imported successfully!"}
{"level":"info","message":"Migrating workflows"}
{"level":"info","message":"No workflow Found"}
{"level":"info","message":"Migrating entries"}
{"level":"info","message":"Suppressing content type fields..."}
{"level":"info","message":"Creating entries for content type product in language en-us ..."}
{"level":"info","message":"1 entries created successfully in product content type in en-us locale!"}
{"level":"info","message":"Entries created successfully in 'en-us' language"}
{"level":"info","message":"No entries without mapped uid found!"}
{"level":"info","message":"Imported entries in 'en-us' language successfully!"}
{"level":"info","message":"Successfully imported 'en-us' entries!"}
{"level":"info","message":"Re-modified content type schemas to their original form!"}
{"level":"info","message":"The stack has been eradicated from bugged entries!"}
{"level":"info","message":"Entries have been imported successfully!"}
{"level":"info","message":"All the entries have been published successfully"}
{"level":"info","message":"Migrating labels"}
{"level":"info","message":"No Label Found"}
{"level":"info","message":"Migrating webhooks"}
{"level":"info","message":"No Webhooks Found"}
{"level":"info","message":"Stack: blt31c87c8549983f7c has been imported succesfully!"}
{"level":"info","message":"The log for this is stored at scripts/contentstack/content/content_types/main/logs/import"}
